<?xml version="1.0" encoding="UTF-8"?>
<!-- Generated by org.testng.reporters.JUnitXMLReporter -->
<testsuite ignored="0" hostname="Lokeshs-MacBook-Air.local" failures="0" tests="4" name="Default test" time="14.961" errors="0" timestamp="2024-08-02T00:00:55 IST">
  <testcase classname="api.test.UserTests" name="testPostUser" time="5.904"/>
  <testcase classname="api.test.UserTests" name="testGetUserByName" time="1.756"/>
  <testcase classname="api.test.UserTests" name="testUpdateUserByName" time="4.168"/>
  <testcase classname="api.test.UserTests" name="testDeleteUserByName" time="1.724"/>
</testsuite> <!-- Default test -->
