<?xml version="1.0" encoding="UTF-8"?>
<!-- Generated by org.testng.reporters.JUnitXMLReporter -->
<testsuite ignored="0" hostname="Lokeshs-MacBook-Air.local" failures="0" tests="6" name="PetTests" time="16.818" errors="0" timestamp="2024-08-02T16:31:25 IST">
  <testcase classname="api.test.DDTests" name="testPostUser" time="4.332"/>
  <testcase classname="api.test.DDTests" name="testPostUser" time="1.812"/>
  <testcase classname="api.test.DDTests" name="testPostUser" time="1.933"/>
  <testcase classname="api.test.DDTests" name="testDeleteUserByName" time="2.129"/>
  <testcase classname="api.test.DDTests" name="testDeleteUserByName" time="2.022"/>
  <testcase classname="api.test.DDTests" name="testDeleteUserByName" time="1.712"/>
</testsuite> <!-- PetTests -->
