<?xml version="1.0" encoding="UTF-8"?>
<testsuite xmlns:xsi="http://www.w3.org/2001/XMLSchema-instance" xsi:noNamespaceSchemaLocation="https://maven.apache.org/surefire/maven-surefire-plugin/xsd/surefire-test-report.xsd" version="3.0.2" name="TestSuite" time="9.607" tests="4" errors="0" skipped="0" failures="0">
  <properties>
[...]
</properties>
  <testcase name="testPostUser" classname="api.test.UserTests2" time="2.55">
    <system-out><![CDATA[00:03:39.130 [main] INFO  api.test.UserTests2 - **********Creating User************
HTTP/1.1 200 OK
Date: Sat, 03 Aug 2024 18:33:41 GMT
Content-Type: application/json
Transfer-Encoding: chunked
Connection: keep-alive
Access-Control-Allow-Origin: *
Access-Control-Allow-Methods: GET, POST, DELETE, PUT
Access-Control-Allow-Headers: Content-Type, api_key, Authorization
Server: Jetty(9.2.9.v20150224)

{
    "code": 200,
    "type": "unknown",
    "message": "1423983012"
}
00:03:41.674 [main] INFO  api.test.UserTests2 - ********** User is Created************
]]></system-out>
    <system-err><![CDATA[SLF4J: Failed to load class "org.slf4j.impl.StaticLoggerBinder".
SLF4J: Defaulting to no-operation (NOP) logger implementation
SLF4J: See http://www.slf4j.org/codes.html#StaticLoggerBinder for further details.
]]></system-err>
  </testcase>
  <testcase name="testGetUserByName" classname="api.test.UserTests2" time="1.54">
    <system-out><![CDATA[00:03:41.680 [main] INFO  api.test.UserTests2 - **********Getting Single User************
HTTP/1.1 200 OK
Date: Sat, 03 Aug 2024 18:33:43 GMT
Content-Type: application/json
Transfer-Encoding: chunked
Connection: keep-alive
Access-Control-Allow-Origin: *
Access-Control-Allow-Methods: GET, POST, DELETE, PUT
Access-Control-Allow-Headers: Content-Type, api_key, Authorization
Server: Jetty(9.2.9.v20150224)

{
    "id": 1423983012,
    "username": "margarita.abernathy",
    "firstName": "Tatyana",
    "lastName": "Nikolaus",
    "email": "dorethea.nolan@example.com",
    "password": "vn14rkkq",
    "phone": "498-367-5159",
    "userStatus": 0
}
00:03:43.217 [main] INFO  api.test.UserTests2 - **********Single User Received************
]]></system-out>
  </testcase>
  <testcase name="testUpdateUserByName" classname="api.test.UserTests2" time="3.113">
    <system-out><![CDATA[00:03:43.222 [main] INFO  api.test.UserTests2 - **********Updating User details************
{
    "code": 200,
    "type": "unknown",
    "message": "1423983012"
}
00:03:44.726 [main] INFO  api.test.UserTests2 - **********Updating User details done************
]]></system-out>
  </testcase>
  <testcase name="testDeleteUserByName" classname="api.test.UserTests2" time="1.581">
    <system-out><![CDATA[00:03:46.336 [main] INFO  api.test.UserTests2 - **********Deleting User details************
00:03:47.916 [main] INFO  api.test.UserTests2 - **********Deleting User details done************
]]></system-out>
  </testcase>
</testsuite>