<?xml version="1.0" encoding="UTF-8"?>
<testng-results ignored="0" total="4" passed="4" failed="0" skipped="0">
  <reporter-output>
  </reporter-output>
  <suite started-at="2024-08-03T23:29:23 IST" name="PetSuite" finished-at="2024-08-03T23:29:35 IST" duration-ms="12210">
    <groups>
    </groups>
    <test started-at="2024-08-03T23:29:23 IST" name="PetTests" finished-at="2024-08-03T23:29:35 IST" duration-ms="12210">
      <class name="api.test.UserTests2">
        <test-method is-config="true" signature="setupData()[pri:0, instance:api.test.UserTests2@7bba5817]" started-at="2024-08-03T23:29:23 IST" name="setupData" finished-at="2024-08-03T23:29:24 IST" duration-ms="1137" status="PASS">
          <reporter-output>
          </reporter-output>
        </test-method> <!-- setupData -->
        <test-method signature="testPostUser()[pri:1, instance:api.test.UserTests2@7bba5817]" started-at="2024-08-03T23:29:24 IST" name="testPostUser" finished-at="2024-08-03T23:29:29 IST" duration-ms="4588" status="PASS">
          <reporter-output>
          </reporter-output>
        </test-method> <!-- testPostUser -->
        <test-method signature="testGetUserByName()[pri:2, instance:api.test.UserTests2@7bba5817]" started-at="2024-08-03T23:29:29 IST" name="testGetUserByName" finished-at="2024-08-03T23:29:31 IST" duration-ms="1597" status="PASS">
          <reporter-output>
          </reporter-output>
        </test-method> <!-- testGetUserByName -->
        <test-method signature="testUpdateUserByName()[pri:3, instance:api.test.UserTests2@7bba5817]" started-at="2024-08-03T23:29:31 IST" name="testUpdateUserByName" finished-at="2024-08-03T23:29:34 IST" duration-ms="2934" status="PASS">
          <reporter-output>
          </reporter-output>
        </test-method> <!-- testUpdateUserByName -->
        <test-method signature="testDeleteUserByName()[pri:4, instance:api.test.UserTests2@7bba5817]" started-at="2024-08-03T23:29:34 IST" name="testDeleteUserByName" finished-at="2024-08-03T23:29:35 IST" duration-ms="1465" status="PASS">
          <reporter-output>
          </reporter-output>
        </test-method> <!-- testDeleteUserByName -->
      </class> <!-- api.test.UserTests2 -->
    </test> <!-- PetTests -->
  </suite> <!-- PetSuite -->
</testng-results>
