<?xml version="1.0" encoding="UTF-8"?>
<!-- Generated by org.testng.reporters.JUnitXMLReporter -->
<testsuite ignored="0" hostname="Lokeshs-MacBook-Air.local" failures="0" tests="4" name="PetTests" time="9.208" errors="0" timestamp="2024-08-04T00:03:48 IST">
  <testcase classname="api.test.UserTests2" name="testPostUser" time="2.546"/>
  <testcase classname="api.test.UserTests2" name="testGetUserByName" time="1.538"/>
  <testcase classname="api.test.UserTests2" name="testUpdateUserByName" time="3.111"/>
  <testcase classname="api.test.UserTests2" name="testDeleteUserByName" time="1.581"/>
</testsuite> <!-- PetTests -->
