<?xml version="1.0" encoding="UTF-8"?>
<!-- Generated by org.testng.reporters.JUnitXMLReporter -->
<testsuite ignored="0" hostname="Lokeshs-MacBook-Air.local" failures="0" tests="4" name="PetTests" time="12.21" errors="0" timestamp="2024-08-03T23:29:35 IST">
  <testcase classname="api.test.UserTests2" name="testPostUser" time="4.588"/>
  <testcase classname="api.test.UserTests2" name="testGetUserByName" time="1.597"/>
  <testcase classname="api.test.UserTests2" name="testUpdateUserByName" time="2.934"/>
  <testcase classname="api.test.UserTests2" name="testDeleteUserByName" time="1.465"/>
</testsuite> <!-- PetTests -->
